c:\users\kenneth\downloads\direct3d tutorial win32 sample\c++\tutorial04\debug\vc120.pdb
c:\users\kenneth\downloads\direct3d tutorial win32 sample\c++\tutorial04\debug\vc120.idb
c:\users\kenneth\downloads\direct3d tutorial win32 sample\c++\tutorial04\debug\tutorial04.obj
c:\users\kenneth\downloads\direct3d tutorial win32 sample\c++\debug\tutorial04_ps.cso
c:\users\kenneth\downloads\direct3d tutorial win32 sample\c++\debug\tutorial04_vs.cso
c:\users\kenneth\downloads\direct3d tutorial win32 sample\c++\debug\tutorial04.ilk
c:\users\kenneth\downloads\direct3d tutorial win32 sample\c++\debug\tutorial04.exe
c:\users\kenneth\downloads\direct3d tutorial win32 sample\c++\debug\tutorial04.pdb
c:\users\kenneth\downloads\direct3d tutorial win32 sample\c++\tutorial04\debug\tutorial04.res
c:\users\kenneth\downloads\direct3d tutorial win32 sample\c++\debug\tutorial04.cso
c:\users\kenneth\downloads\direct3d tutorial win32 sample\c++\tutorial04\debug\tutorial04.tlog\cl.command.1.tlog
c:\users\kenneth\downloads\direct3d tutorial win32 sample\c++\tutorial04\debug\tutorial04.tlog\cl.read.1.tlog
c:\users\kenneth\downloads\direct3d tutorial win32 sample\c++\tutorial04\debug\tutorial04.tlog\cl.write.1.tlog
c:\users\kenneth\downloads\direct3d tutorial win32 sample\c++\tutorial04\debug\tutorial04.tlog\fxc.command.1.tlog
c:\users\kenneth\downloads\direct3d tutorial win32 sample\c++\tutorial04\debug\tutorial04.tlog\fxc.read.1.tlog
c:\users\kenneth\downloads\direct3d tutorial win32 sample\c++\tutorial04\debug\tutorial04.tlog\fxc.write.1.tlog
c:\users\kenneth\downloads\direct3d tutorial win32 sample\c++\tutorial04\debug\tutorial04.tlog\link.command.1.tlog
c:\users\kenneth\downloads\direct3d tutorial win32 sample\c++\tutorial04\debug\tutorial04.tlog\link.read.1.tlog
c:\users\kenneth\downloads\direct3d tutorial win32 sample\c++\tutorial04\debug\tutorial04.tlog\link.write.1.tlog
c:\users\kenneth\downloads\direct3d tutorial win32 sample\c++\tutorial04\debug\tutorial04.tlog\rc.command.1.tlog
c:\users\kenneth\downloads\direct3d tutorial win32 sample\c++\tutorial04\debug\tutorial04.tlog\rc.read.1.tlog
c:\users\kenneth\downloads\direct3d tutorial win32 sample\c++\tutorial04\debug\tutorial04.tlog\rc.write.1.tlog
c:\users\kenneth\downloads\direct3d tutorial win32 sample\c++\tutorial04\debug\tutorial04.tlog\tutorial04.write.1u.tlog
